Flow report for rc4
Mon Mar 09 11:11:35 2020
Quartus II 64-Bit Version 14.1.0 Build 186 12/03/2014 SJ Web Edition


---------------------
; Table of Contents ;
---------------------
  1. Legal Notice
  2. Flow Summary
  3. Flow Settings
  4. Flow Non-Default Global Settings
  5. Flow Elapsed Time
  6. Flow OS Summary
  7. Flow Log
  8. Flow Messages
  9. Flow Suppressed Messages



----------------
; Legal Notice ;
----------------
Copyright (C) 1991-2014 Altera Corporation. All rights reserved.
Your use of Altera Corporation's design tools, logic functions 
and other software and tools, and its AMPP partner logic 
functions, and any output files from any of the foregoing 
(including device programming or simulation files), and any 
associated documentation or information are expressly subject 
to the terms and conditions of the Altera Program License 
Subscription Agreement, the Altera Quartus II License Agreement,
the Altera MegaCore Function License Agreement, or other 
applicable license agreement, including, without limitation, 
that your use is for the sole purpose of programming logic 
devices manufactured by Altera and sold by Altera or its 
authorized distributors.  Please refer to the applicable 
agreement for further details.



+------------------------------------------------------------------------------+
; Flow Summary                                                                 ;
+---------------------------------+--------------------------------------------+
; Flow Status                     ; Successful - Mon Mar 09 11:11:34 2020      ;
; Quartus II 64-Bit Version       ; 14.1.0 Build 186 12/03/2014 SJ Web Edition ;
; Revision Name                   ; rc4                                        ;
; Top-level Entity Name           ; brute_force                                ;
; Family                          ; Cyclone V                                  ;
; Device                          ; 5CSEMA5F31C6                               ;
; Timing Models                   ; Final                                      ;
; Logic utilization (in ALMs)     ; N/A                                        ;
; Total registers                 ; 31                                         ;
; Total pins                      ; 64                                         ;
; Total virtual pins              ; 0                                          ;
; Total block memory bits         ; 0                                          ;
; Total DSP Blocks                ; 0                                          ;
; Total HSSI RX PCSs              ; 0                                          ;
; Total HSSI PMA RX Deserializers ; 0                                          ;
; Total HSSI TX PCSs              ; 0                                          ;
; Total HSSI PMA TX Serializers   ; 0                                          ;
; Total PLLs                      ; 0                                          ;
; Total DLLs                      ; 0                                          ;
+---------------------------------+--------------------------------------------+


+-----------------------------------------+
; Flow Settings                           ;
+-------------------+---------------------+
; Option            ; Setting             ;
+-------------------+---------------------+
; Start date & time ; 03/09/2020 10:57:36 ;
; Main task         ; Compilation         ;
; Revision Name     ; rc4                 ;
+-------------------+---------------------+


+-------------------------------------------------------------------------------------------------------------------------------------------+
; Flow Non-Default Global Settings                                                                                                          ;
+---------------------------------------------------+---------------------------------------+--------------------+-------------+------------+
; Assignment Name                                   ; Value                                 ; Default Value      ; Entity Name ; Section Id ;
+---------------------------------------------------+---------------------------------------+--------------------+-------------+------------+
; AUTO_RAM_RECOGNITION                              ; Off                                   ; On                 ; --          ; --         ;
; AUTO_ROM_RECOGNITION                              ; Off                                   ; On                 ; --          ; --         ;
; BLOCK_RAM_AND_MLAB_EQUIVALENT_POWER_UP_CONDITIONS ; Care                                  ; Auto               ; --          ; --         ;
; COMPILER_SIGNATURE_ID                             ; 207273073892032.158377665607576       ; --                 ; --          ; --         ;
; EXTRACT_VERILOG_STATE_MACHINES                    ; Off                                   ; On                 ; --          ; --         ;
; EXTRACT_VHDL_STATE_MACHINES                       ; Off                                   ; On                 ; --          ; --         ;
; FITTER_EFFORT                                     ; Standard Fit                          ; Auto Fit           ; --          ; --         ;
; MAX_CORE_JUNCTION_TEMP                            ; 85                                    ; --                 ; --          ; --         ;
; MIN_CORE_JUNCTION_TEMP                            ; 0                                     ; --                 ; --          ; --         ;
; MISC_FILE                                         ; s_memory_bb.v                         ; --                 ; --          ; --         ;
; MISC_FILE                                         ; s_memory_syn.v                        ; --                 ; --          ; --         ;
; MISC_FILE                                         ; r_memory_bb.v                         ; --                 ; --          ; --         ;
; MISC_FILE                                         ; d_memory_bb.v                         ; --                 ; --          ; --         ;
; OPTIMIZE_POWER_DURING_SYNTHESIS                   ; Off                                   ; Normal compilation ; --          ; --         ;
; PARTITION_COLOR                                   ; 16764057                              ; --                 ; brute_force ; Top        ;
; PARTITION_FITTER_PRESERVATION_LEVEL               ; PLACEMENT_AND_ROUTING                 ; --                 ; brute_force ; Top        ;
; PARTITION_NETLIST_TYPE                            ; SOURCE                                ; --                 ; brute_force ; Top        ;
; PHYSICAL_SYNTHESIS_EFFORT                         ; Fast                                  ; Normal             ; --          ; --         ;
; PHYSICAL_SYNTHESIS_REGISTER_RETIMING              ; On                                    ; Off                ; --          ; --         ;
; POWER_BOARD_THERMAL_MODEL                         ; None (CONSERVATIVE)                   ; --                 ; --          ; --         ;
; POWER_PRESET_COOLING_SOLUTION                     ; 23 MM HEAT SINK WITH 200 LFPM AIRFLOW ; --                 ; --          ; --         ;
; PROJECT_OUTPUT_DIRECTORY                          ; output_files                          ; --                 ; --          ; --         ;
; ROUTER_CLOCKING_TOPOLOGY_ANALYSIS                 ; On                                    ; Off                ; --          ; --         ;
; SYNCHRONIZATION_REGISTER_CHAIN_LENGTH             ; 2                                     ; 3                  ; --          ; --         ;
; SYNCHRONIZER_IDENTIFICATION                       ; Auto                                  ; Off                ; --          ; --         ;
; TOP_LEVEL_ENTITY                                  ; brute_force                           ; rc4                ; --          ; --         ;
; VERILOG_INPUT_VERSION                             ; SystemVerilog_2005                    ; Verilog_2001       ; --          ; --         ;
; VERILOG_NON_CONSTANT_LOOP_LIMIT                   ; 5000                                  ; 250                ; --          ; --         ;
; VERILOG_SHOW_LMF_MAPPING_MESSAGES                 ; Off                                   ; --                 ; --          ; --         ;
+---------------------------------------------------+---------------------------------------+--------------------+-------------+------------+


+--------------------------------------------------------------------------------------------------------------------------+
; Flow Elapsed Time                                                                                                        ;
+----------------------+--------------+-------------------------+---------------------+------------------------------------+
; Module Name          ; Elapsed Time ; Average Processors Used ; Peak Virtual Memory ; Total CPU Time (on all processors) ;
+----------------------+--------------+-------------------------+---------------------+------------------------------------+
; Analysis & Synthesis ; 00:00:23     ; 1.0                     ; 4820 MB             ; 00:00:41                           ;
; EDA Netlist Writer   ; 00:00:01     ; 1.0                     ; 4730 MB             ; 00:00:01                           ;
; EDA Netlist Writer   ; 00:00:02     ; 1.0                     ; 4736 MB             ; 00:00:02                           ;
; EDA Netlist Writer   ; 00:00:01     ; 1.0                     ; 4729 MB             ; 00:00:01                           ;
; EDA Netlist Writer   ; 00:00:02     ; 1.0                     ; 4736 MB             ; 00:00:01                           ;
; EDA Netlist Writer   ; 00:00:02     ; 1.0                     ; 4729 MB             ; 00:00:01                           ;
; EDA Netlist Writer   ; 00:00:02     ; 1.0                     ; 4736 MB             ; 00:00:02                           ;
; EDA Netlist Writer   ; 00:00:01     ; 1.0                     ; 4729 MB             ; 00:00:01                           ;
; EDA Netlist Writer   ; 00:00:02     ; 1.0                     ; 4736 MB             ; 00:00:01                           ;
; EDA Netlist Writer   ; 00:00:01     ; 1.0                     ; 4729 MB             ; 00:00:01                           ;
; EDA Netlist Writer   ; 00:00:02     ; 1.0                     ; 4736 MB             ; 00:00:01                           ;
; EDA Netlist Writer   ; 00:00:01     ; 1.0                     ; 4729 MB             ; 00:00:01                           ;
; EDA Netlist Writer   ; 00:00:02     ; 1.0                     ; 4736 MB             ; 00:00:01                           ;
; EDA Netlist Writer   ; 00:00:01     ; 1.0                     ; 4729 MB             ; 00:00:01                           ;
; EDA Netlist Writer   ; 00:00:01     ; 1.0                     ; 4736 MB             ; 00:00:01                           ;
; Total                ; 00:00:44     ; --                      ; --                  ; 00:00:57                           ;
+----------------------+--------------+-------------------------+---------------------+------------------------------------+


+-----------------------------------------------------------------------------------+
; Flow OS Summary                                                                   ;
+----------------------+------------------+-----------+------------+----------------+
; Module Name          ; Machine Hostname ; OS Name   ; OS Version ; Processor type ;
+----------------------+------------------+-----------+------------+----------------+
; Analysis & Synthesis ; DESKTOP-AIQJCJE  ; Windows 7 ; 6.2        ; x86_64         ;
; EDA Netlist Writer   ; DESKTOP-AIQJCJE  ; Windows 7 ; 6.2        ; x86_64         ;
; EDA Netlist Writer   ; DESKTOP-AIQJCJE  ; Windows 7 ; 6.2        ; x86_64         ;
; EDA Netlist Writer   ; DESKTOP-AIQJCJE  ; Windows 7 ; 6.2        ; x86_64         ;
; EDA Netlist Writer   ; DESKTOP-AIQJCJE  ; Windows 7 ; 6.2        ; x86_64         ;
; EDA Netlist Writer   ; DESKTOP-AIQJCJE  ; Windows 7 ; 6.2        ; x86_64         ;
; EDA Netlist Writer   ; DESKTOP-AIQJCJE  ; Windows 7 ; 6.2        ; x86_64         ;
; EDA Netlist Writer   ; DESKTOP-AIQJCJE  ; Windows 7 ; 6.2        ; x86_64         ;
; EDA Netlist Writer   ; DESKTOP-AIQJCJE  ; Windows 7 ; 6.2        ; x86_64         ;
; EDA Netlist Writer   ; DESKTOP-AIQJCJE  ; Windows 7 ; 6.2        ; x86_64         ;
; EDA Netlist Writer   ; DESKTOP-AIQJCJE  ; Windows 7 ; 6.2        ; x86_64         ;
; EDA Netlist Writer   ; DESKTOP-AIQJCJE  ; Windows 7 ; 6.2        ; x86_64         ;
; EDA Netlist Writer   ; DESKTOP-AIQJCJE  ; Windows 7 ; 6.2        ; x86_64         ;
; EDA Netlist Writer   ; DESKTOP-AIQJCJE  ; Windows 7 ; 6.2        ; x86_64         ;
; EDA Netlist Writer   ; DESKTOP-AIQJCJE  ; Windows 7 ; 6.2        ; x86_64         ;
+----------------------+------------------+-----------+------------+----------------+


------------
; Flow Log ;
------------
quartus_map --read_settings_files=on --write_settings_files=off rc4 -c rc4
quartus_eda --gen_testbench --check_outputs=on --tool=modelsim_oem --format=verilog --write_settings_files=off rc4 -c rc4 --vector_source="C:/Users/Dennis/Documents/4th Year/Term 2/CPEN 311/Labs and Homework/Solutions/All Labs/digital_systems_design/Lab4/lab4_template_de1soc/Waveform_brute_force.vwf" --testbench_file="C:/Users/Dennis/Documents/4th Year/Term 2/CPEN 311/Labs and Homework/Solutions/All Labs/digital_systems_design/Lab4/lab4_template_de1soc/simulation/qsim/Waveform_brute_force.vwf.vt"
quartus_eda --write_settings_files=off --functional=on --flatten_buses=off --simulation=on --tool=modelsim_oem --format=verilog --output_directory="C:/Users/Dennis/Documents/4th Year/Term 2/CPEN 311/Labs and Homework/Solutions/All Labs/digital_systems_design/Lab4/lab4_template_de1soc/simulation/qsim/" rc4 -c rc4
quartus_eda --gen_testbench --check_outputs=on --tool=modelsim_oem --format=verilog --write_settings_files=off rc4 -c rc4 --vector_source="C:/Users/Dennis/Documents/4th Year/Term 2/CPEN 311/Labs and Homework/Solutions/All Labs/digital_systems_design/Lab4/lab4_template_de1soc/Waveform_brute_force.vwf" --testbench_file="C:/Users/Dennis/Documents/4th Year/Term 2/CPEN 311/Labs and Homework/Solutions/All Labs/digital_systems_design/Lab4/lab4_template_de1soc/simulation/qsim/Waveform_brute_force.vwf.vt"
quartus_eda --write_settings_files=off --functional=on --flatten_buses=off --simulation=on --tool=modelsim_oem --format=verilog --output_directory="C:/Users/Dennis/Documents/4th Year/Term 2/CPEN 311/Labs and Homework/Solutions/All Labs/digital_systems_design/Lab4/lab4_template_de1soc/simulation/qsim/" rc4 -c rc4
quartus_eda --gen_testbench --check_outputs=on --tool=modelsim_oem --format=verilog --write_settings_files=off rc4 -c rc4 --vector_source="C:/Users/Dennis/Documents/4th Year/Term 2/CPEN 311/Labs and Homework/Solutions/All Labs/digital_systems_design/Lab4/lab4_template_de1soc/Waveform_brute_force.vwf" --testbench_file="C:/Users/Dennis/Documents/4th Year/Term 2/CPEN 311/Labs and Homework/Solutions/All Labs/digital_systems_design/Lab4/lab4_template_de1soc/simulation/qsim/Waveform_brute_force.vwf.vt"
quartus_eda --write_settings_files=off --functional=on --flatten_buses=off --simulation=on --tool=modelsim_oem --format=verilog --output_directory="C:/Users/Dennis/Documents/4th Year/Term 2/CPEN 311/Labs and Homework/Solutions/All Labs/digital_systems_design/Lab4/lab4_template_de1soc/simulation/qsim/" rc4 -c rc4
quartus_eda --gen_testbench --check_outputs=on --tool=modelsim_oem --format=verilog --write_settings_files=off rc4 -c rc4 --vector_source="C:/Users/Dennis/Documents/4th Year/Term 2/CPEN 311/Labs and Homework/Solutions/All Labs/digital_systems_design/Lab4/lab4_template_de1soc/Waveform_brute_force.vwf" --testbench_file="C:/Users/Dennis/Documents/4th Year/Term 2/CPEN 311/Labs and Homework/Solutions/All Labs/digital_systems_design/Lab4/lab4_template_de1soc/simulation/qsim/Waveform_brute_force.vwf.vt"
quartus_eda --write_settings_files=off --functional=on --flatten_buses=off --simulation=on --tool=modelsim_oem --format=verilog --output_directory="C:/Users/Dennis/Documents/4th Year/Term 2/CPEN 311/Labs and Homework/Solutions/All Labs/digital_systems_design/Lab4/lab4_template_de1soc/simulation/qsim/" rc4 -c rc4
quartus_eda --gen_testbench --check_outputs=on --tool=modelsim_oem --format=verilog --write_settings_files=off rc4 -c rc4 --vector_source="C:/Users/Dennis/Documents/4th Year/Term 2/CPEN 311/Labs and Homework/Solutions/All Labs/digital_systems_design/Lab4/lab4_template_de1soc/Waveform_brute_force.vwf" --testbench_file="C:/Users/Dennis/Documents/4th Year/Term 2/CPEN 311/Labs and Homework/Solutions/All Labs/digital_systems_design/Lab4/lab4_template_de1soc/simulation/qsim/Waveform_brute_force.vwf.vt"
quartus_eda --write_settings_files=off --functional=on --flatten_buses=off --simulation=on --tool=modelsim_oem --format=verilog --output_directory="C:/Users/Dennis/Documents/4th Year/Term 2/CPEN 311/Labs and Homework/Solutions/All Labs/digital_systems_design/Lab4/lab4_template_de1soc/simulation/qsim/" rc4 -c rc4
quartus_eda --gen_testbench --check_outputs=on --tool=modelsim_oem --format=verilog --write_settings_files=off rc4 -c rc4 --vector_source="C:/Users/Dennis/Documents/4th Year/Term 2/CPEN 311/Labs and Homework/Solutions/All Labs/digital_systems_design/Lab4/lab4_template_de1soc/Waveform_brute_force.vwf" --testbench_file="C:/Users/Dennis/Documents/4th Year/Term 2/CPEN 311/Labs and Homework/Solutions/All Labs/digital_systems_design/Lab4/lab4_template_de1soc/simulation/qsim/Waveform_brute_force.vwf.vt"
quartus_eda --write_settings_files=off --functional=on --flatten_buses=off --simulation=on --tool=modelsim_oem --format=verilog --output_directory="C:/Users/Dennis/Documents/4th Year/Term 2/CPEN 311/Labs and Homework/Solutions/All Labs/digital_systems_design/Lab4/lab4_template_de1soc/simulation/qsim/" rc4 -c rc4
quartus_eda --gen_testbench --check_outputs=on --tool=modelsim_oem --format=verilog --write_settings_files=off rc4 -c rc4 --vector_source="C:/Users/Dennis/Documents/4th Year/Term 2/CPEN 311/Labs and Homework/Solutions/All Labs/digital_systems_design/Lab4/lab4_template_de1soc/Waveform_brute_force.vwf" --testbench_file="C:/Users/Dennis/Documents/4th Year/Term 2/CPEN 311/Labs and Homework/Solutions/All Labs/digital_systems_design/Lab4/lab4_template_de1soc/simulation/qsim/Waveform_brute_force.vwf.vt"
quartus_eda --write_settings_files=off --functional=on --flatten_buses=off --simulation=on --tool=modelsim_oem --format=verilog --output_directory="C:/Users/Dennis/Documents/4th Year/Term 2/CPEN 311/Labs and Homework/Solutions/All Labs/digital_systems_design/Lab4/lab4_template_de1soc/simulation/qsim/" rc4 -c rc4



