Assembler report for rc4
<<<<<<< Updated upstream
Wed Mar 04 22:43:09 2020
=======
Wed Mar 04 20:03:01 2020
>>>>>>> Stashed changes
Quartus II 64-Bit Version 14.1.0 Build 186 12/03/2014 SJ Web Edition


---------------------
; Table of Contents ;
---------------------
  1. Legal Notice
  2. Assembler Summary
  3. Assembler Settings
  4. Assembler Encrypted IP Cores Summary
  5. Assembler Generated Files
<<<<<<< Updated upstream
  6. Assembler Device Options: C:/UBC/w2019-2020t2/CPEN311/digital_systems_design/Lab4/lab4_template_de1soc/output_files/rc4.sof
=======
  6. Assembler Device Options: C:/Users/Dennis/Documents/4th Year/Term 2/CPEN 311/Labs and Homework/Solutions/All Labs/digital_systems_design/Lab4/lab4_template_de1soc/output_files/rc4.sof
>>>>>>> Stashed changes
  7. Assembler Messages



----------------
; Legal Notice ;
----------------
Copyright (C) 1991-2014 Altera Corporation. All rights reserved.
Your use of Altera Corporation's design tools, logic functions 
and other software and tools, and its AMPP partner logic 
functions, and any output files from any of the foregoing 
(including device programming or simulation files), and any 
associated documentation or information are expressly subject 
to the terms and conditions of the Altera Program License 
Subscription Agreement, the Altera Quartus II License Agreement,
the Altera MegaCore Function License Agreement, or other 
applicable license agreement, including, without limitation, 
that your use is for the sole purpose of programming logic 
devices manufactured by Altera and sold by Altera or its 
authorized distributors.  Please refer to the applicable 
agreement for further details.



+---------------------------------------------------------------+
; Assembler Summary                                             ;
+-----------------------+---------------------------------------+
<<<<<<< Updated upstream
; Assembler Status      ; Successful - Wed Mar 04 22:43:09 2020 ;
=======
; Assembler Status      ; Successful - Wed Mar 04 20:03:01 2020 ;
>>>>>>> Stashed changes
; Revision Name         ; rc4                                   ;
; Top-level Entity Name ; ksa                                   ;
; Family                ; Cyclone V                             ;
; Device                ; 5CSEMA5F31C6                          ;
+-----------------------+---------------------------------------+


+----------------------------------+
; Assembler Settings               ;
+--------+---------+---------------+
; Option ; Setting ; Default Value ;
+--------+---------+---------------+


+------------------------------------------------+
; Assembler Encrypted IP Cores Summary           ;
+--------+------------------------+--------------+
; Vendor ; IP Core Name           ; License Type ;
+--------+------------------------+--------------+
; Altera ; Signal Tap (6AF7 BCE1) ; Licensed     ;
; Altera ; Signal Tap (6AF7 BCEC) ; Licensed     ;
+--------+------------------------+--------------+


<<<<<<< Updated upstream
+---------------------------------------------------------------------------------------------------+
; Assembler Generated Files                                                                         ;
+---------------------------------------------------------------------------------------------------+
; File Name                                                                                         ;
+---------------------------------------------------------------------------------------------------+
; C:/UBC/w2019-2020t2/CPEN311/digital_systems_design/Lab4/lab4_template_de1soc/output_files/rc4.sof ;
+---------------------------------------------------------------------------------------------------+


+-----------------------------------------------------------------------------------------------------------------------------+
; Assembler Device Options: C:/UBC/w2019-2020t2/CPEN311/digital_systems_design/Lab4/lab4_template_de1soc/output_files/rc4.sof ;
+----------------+------------------------------------------------------------------------------------------------------------+
; Option         ; Setting                                                                                                    ;
+----------------+------------------------------------------------------------------------------------------------------------+
; Device         ; 5CSEMA5F31C6                                                                                               ;
; JTAG usercode  ; 0x00BEC61E                                                                                                 ;
; Checksum       ; 0x00BEC61E                                                                                                 ;
+----------------+------------------------------------------------------------------------------------------------------------+
=======
+---------------------------------------------------------------------------------------------------------------------------------------------------------------+
; Assembler Generated Files                                                                                                                                     ;
+---------------------------------------------------------------------------------------------------------------------------------------------------------------+
; File Name                                                                                                                                                     ;
+---------------------------------------------------------------------------------------------------------------------------------------------------------------+
; C:/Users/Dennis/Documents/4th Year/Term 2/CPEN 311/Labs and Homework/Solutions/All Labs/digital_systems_design/Lab4/lab4_template_de1soc/output_files/rc4.sof ;
+---------------------------------------------------------------------------------------------------------------------------------------------------------------+


+-----------------------------------------------------------------------------------------------------------------------------------------------------------------------------------------+
; Assembler Device Options: C:/Users/Dennis/Documents/4th Year/Term 2/CPEN 311/Labs and Homework/Solutions/All Labs/digital_systems_design/Lab4/lab4_template_de1soc/output_files/rc4.sof ;
+----------------+------------------------------------------------------------------------------------------------------------------------------------------------------------------------+
; Option         ; Setting                                                                                                                                                                ;
+----------------+------------------------------------------------------------------------------------------------------------------------------------------------------------------------+
; Device         ; 5CSEMA5F31C6                                                                                                                                                           ;
; JTAG usercode  ; 0x00BE81AD                                                                                                                                                             ;
; Checksum       ; 0x00BE81AD                                                                                                                                                             ;
+----------------+------------------------------------------------------------------------------------------------------------------------------------------------------------------------+
>>>>>>> Stashed changes


+--------------------+
; Assembler Messages ;
+--------------------+
Info: *******************************************************************
Info: Running Quartus II 64-Bit Assembler
    Info: Version 14.1.0 Build 186 12/03/2014 SJ Web Edition
<<<<<<< Updated upstream
    Info: Processing started: Wed Mar 04 22:42:58 2020
Info: Command: quartus_asm --read_settings_files=off --write_settings_files=off rc4 -c rc4
Info (115030): Assembler is generating device programming files
Info: Quartus II 64-Bit Assembler was successful. 0 errors, 0 warnings
    Info: Peak virtual memory: 4861 megabytes
    Info: Processing ended: Wed Mar 04 22:43:09 2020
    Info: Elapsed time: 00:00:11
    Info: Total CPU time (on all processors): 00:00:11
=======
    Info: Processing started: Wed Mar 04 20:02:48 2020
Info: Command: quartus_asm --read_settings_files=off --write_settings_files=off rc4 -c rc4
Info (115030): Assembler is generating device programming files
Info: Quartus II 64-Bit Assembler was successful. 0 errors, 0 warnings
    Info: Peak virtual memory: 4848 megabytes
    Info: Processing ended: Wed Mar 04 20:03:01 2020
    Info: Elapsed time: 00:00:13
    Info: Total CPU time (on all processors): 00:00:10
>>>>>>> Stashed changes


