21:33:22 **** Incremental Build of configuration Nios II for project lab5 ****
make all 
Info: Building ../lab5_bsp/
C:/altera/14.1/nios2eds/bin/gnu/H-x86_64-mingw32/bin/make --no-print-directory -C ../lab5_bsp/
[BSP build complete]
Info: Compiling student_code/student_code.c to obj/default/student_code/student_code.o
nios2-elf-gcc -xc -MP -MMD -c -I../lab5_bsp//UCOSII/inc -I../lab5_bsp//HAL/inc -I../lab5_bsp/ -I../lab5_bsp//drivers/inc  -DSYSTEM_BUS_WIDTH=32 -pipe -D__hal__ -DALT_NO_INSTRUCTION_EMULATION -D__ucosii__    -O1 -g -Wall   -mno-hw-div -mhw-mul -mno-hw-mulx  -o obj/default/student_code/student_code.o student_code/student_code.c
student_code/student_code.c: In function 'handle_lfsr_interrupts':
student_code/student_code.c:32:19: warning: assignment makes pointer from integer without a cast [enabled by default]
  edge_capture_ptr = IORD_ALTERA_AVALON_PIO_EDGE_CAP(LFSR_CLK_INTERRUPT_GEN_BASE);
                   ^
student_code/student_code.c:31:16: warning: variable 'edge_capture_ptr' set but not used [-Wunused-but-set-variable]
  volatile int* edge_capture_ptr = (volatile int*) context;
                ^
Info: Linking lab5.elf
nios2-elf-g++  -T'../lab5_bsp//linker.x' -msys-crt0='../lab5_bsp//obj/HAL/src/crt0.o' -msys-lib=ucosii_bsp -L../lab5_bsp/   -Wl,-Map=lab5.map   -O1 -g -Wall   -mno-hw-div -mhw-mul -mno-hw-mulx  -o lab5.elf obj/default/drivers/drivers.o obj/default/fonts/tahomabold_20.o obj/default/fonts/tahomabold_32.o obj/default/frame.o obj/default/graphic_lib/draw_gimps.o obj/default/graphic_lib/gimp_bmp.o obj/default/graphic_lib/simple_graphics.o obj/default/graphic_lib/simple_text.o obj/default/hello_ucosii.o obj/default/imagenes/back_down.o obj/default/imagenes/back_up.o obj/default/imagenes/ford_down.o obj/default/imagenes/ford_up.o obj/default/imagenes/pause_down.o obj/default/imagenes/pause_up.o obj/default/imagenes/play_down.o obj/default/imagenes/play_up.o obj/default/imagenes/stop_down.o obj/default/imagenes/stop_up.o obj/default/song/song.o obj/default/student_code/student_code.o obj/default/vip_fr.o -lm -msys-lib=m
nios2-elf-insert lab5.elf --thread_model ucosii --cpu_name cpu --qsys true --simulation_enabled false --id 0 --sidp 0x80011c0 --timestamp 1584676149 --stderr_dev jtag_uart --stdin_dev jtag_uart --stdout_dev jtag_uart --sopc_system_name DE1_SoC_QSYS --quartus_project_dir "C:/UBC/w2019-2020t2/CPEN311/digital_systems_design/Lab5" --jdi C:/UBC/w2019-2020t2/CPEN311/digital_systems_design/Lab5/software/lab5_bsp/../../dds_and_nios_lab.jdi --sopcinfo C:/UBC/w2019-2020t2/CPEN311/digital_systems_design/Lab5/software/lab5_bsp/../../DE1_SoC_QSYS.sopcinfo
Info: (lab5.elf) 1804 KBytes program size (code + initialized data).
Info:            58093 KBytes free for stack + heap.
[lab5 build complete]
21:33:30 **** Incremental Build of configuration Nios II for project lab5 ****
make all 
Info: Building ../lab5_bsp/
C:/altera/14.1/nios2eds/bin/gnu/H-x86_64-mingw32/bin/make --no-print-directory -C ../lab5_bsp/
[BSP build complete]
[lab5 build complete]
