Flow report for dds_and_nios_lab
<<<<<<< HEAD
Sun Mar 15 18:32:23 2020
=======
Sun Mar 15 18:31:08 2020
>>>>>>> c114ac71928e7ebe25b407413e69f5dce0808a42
Quartus II 64-Bit Version 14.1.0 Build 186 12/03/2014 SJ Web Edition


---------------------
; Table of Contents ;
---------------------
  1. Legal Notice
  2. Flow Summary
  3. Flow Settings
  4. Flow Non-Default Global Settings
  5. Flow Elapsed Time
  6. Flow OS Summary
  7. Flow Log
  8. Flow Messages
  9. Flow Suppressed Messages



----------------
; Legal Notice ;
----------------
Copyright (C) 1991-2014 Altera Corporation. All rights reserved.
Your use of Altera Corporation's design tools, logic functions 
and other software and tools, and its AMPP partner logic 
functions, and any output files from any of the foregoing 
(including device programming or simulation files), and any 
associated documentation or information are expressly subject 
to the terms and conditions of the Altera Program License 
Subscription Agreement, the Altera Quartus II License Agreement,
the Altera MegaCore Function License Agreement, or other 
applicable license agreement, including, without limitation, 
that your use is for the sole purpose of programming logic 
devices manufactured by Altera and sold by Altera or its 
authorized distributors.  Please refer to the applicable 
agreement for further details.



<<<<<<< HEAD
+------------------------------------------------------------------------------+
; Flow Summary                                                                 ;
+---------------------------------+--------------------------------------------+
; Flow Status                     ; Successful - Sun Mar 15 18:32:22 2020      ;
; Quartus II 64-Bit Version       ; 14.1.0 Build 186 12/03/2014 SJ Web Edition ;
; Revision Name                   ; dds_and_nios_lab                           ;
; Top-level Entity Name           ; dds_and_nios_lab                           ;
; Family                          ; Cyclone V                                  ;
; Device                          ; 5CSEMA5F31C6                               ;
; Timing Models                   ; Final                                      ;
; Logic utilization (in ALMs)     ; N/A                                        ;
; Total registers                 ; 7379                                       ;
; Total pins                      ; 241                                        ;
; Total virtual pins              ; 0                                          ;
; Total block memory bits         ; 101,784                                    ;
; Total DSP Blocks                ; 2                                          ;
; Total HSSI RX PCSs              ; 0                                          ;
; Total HSSI PMA RX Deserializers ; 0                                          ;
; Total HSSI TX PCSs              ; 0                                          ;
; Total HSSI PMA TX Serializers   ; 0                                          ;
; Total PLLs                      ; 2                                          ;
; Total DLLs                      ; 0                                          ;
+---------------------------------+--------------------------------------------+
=======
+--------------------------------------------------------------------------+
; Flow Summary                                                             ;
+-----------------------------+--------------------------------------------+
; Flow Status                 ; Flow Failed - Sun Mar 15 18:31:08 2020     ;
; Quartus II 64-Bit Version   ; 14.1.0 Build 186 12/03/2014 SJ Web Edition ;
; Revision Name               ; dds_and_nios_lab                           ;
; Top-level Entity Name       ; dds_and_nios_lab                           ;
; Family                      ; Cyclone V                                  ;
; Device                      ; 5CSEMA5F31C6                               ;
; Timing Models               ; Final                                      ;
; Logic utilization (in ALMs) ; N/A until Partition Merge                  ;
; Total registers             ; N/A until Partition Merge                  ;
; Total pins                  ; N/A until Partition Merge                  ;
; Total virtual pins          ; N/A until Partition Merge                  ;
; Total block memory bits     ; N/A until Partition Merge                  ;
; Total PLLs                  ; N/A until Partition Merge                  ;
; Total DLLs                  ; N/A until Partition Merge                  ;
+-----------------------------+--------------------------------------------+
>>>>>>> c114ac71928e7ebe25b407413e69f5dce0808a42


+-----------------------------------------+
; Flow Settings                           ;
+-------------------+---------------------+
; Option            ; Setting             ;
+-------------------+---------------------+
<<<<<<< HEAD
; Start date & time ; 03/15/2020 18:30:52 ;
=======
; Start date & time ; 03/15/2020 18:30:55 ;
>>>>>>> c114ac71928e7ebe25b407413e69f5dce0808a42
; Main task         ; Compilation         ;
; Revision Name     ; dds_and_nios_lab    ;
+-------------------+---------------------+


+---------------------------------------------------------------------------------------------------------------------------------------------------------------------+
; Flow Non-Default Global Settings                                                                                                                                    ;
+---------------------------------------------------+----------------------------------------------------------------+--------------------+--------------+------------+
; Assignment Name                                   ; Value                                                          ; Default Value      ; Entity Name  ; Section Id ;
+---------------------------------------------------+----------------------------------------------------------------+--------------------+--------------+------------+
; ALLOW_POWER_UP_DONT_CARE                          ; Off                                                            ; On                 ; --           ; --         ;
; BLOCK_RAM_AND_MLAB_EQUIVALENT_POWER_UP_CONDITIONS ; Care                                                           ; Auto               ; --           ; --         ;
<<<<<<< HEAD
; COMPILER_SIGNATURE_ID                             ; 198660153391158.158432225205204                                ; --                 ; --           ; --         ;
=======
; COMPILER_SIGNATURE_ID                             ; 207273073892032.158432225403580                                ; --                 ; --           ; --         ;
>>>>>>> c114ac71928e7ebe25b407413e69f5dce0808a42
; ENABLE_IP_DEBUG                                   ; On                                                             ; Off                ; --           ; --         ;
; ENABLE_SIGNALTAP                                  ; On                                                             ; --                 ; --           ; --         ;
; EXTRACT_VERILOG_STATE_MACHINES                    ; Off                                                            ; On                 ; --           ; --         ;
; FITTER_EFFORT                                     ; Standard Fit                                                   ; Auto Fit           ; --           ; --         ;
; FIT_ONLY_ONE_ATTEMPT                              ; On                                                             ; Off                ; --           ; --         ;
; MAX_CORE_JUNCTION_TEMP                            ; 85                                                             ; --                 ; --           ; --         ;
; MIN_CORE_JUNCTION_TEMP                            ; 0                                                              ; --                 ; --           ; --         ;
; MISC_FILE                                         ; DE1_SoC_QSYS/synthesis/../DE1_SoC_QSYS.cmp                     ; --                 ; --           ; --         ;
; MISC_FILE                                         ; DE1_SoC_QSYS/synthesis/../../DE1_SoC_QSYS.qsys                 ; --                 ; --           ; --         ;
; NUMBER_OF_INVERTED_REGISTERS_REPORTED             ; 1000                                                           ; 100                ; --           ; --         ;
; OPTIMIZE_POWER_DURING_FITTING                     ; Off                                                            ; Normal compilation ; --           ; --         ;
; OPTIMIZE_POWER_DURING_SYNTHESIS                   ; Off                                                            ; Normal compilation ; --           ; --         ;
; OUTPUT_IO_TIMING_FAR_END_VMEAS                    ; Half Signal Swing                                              ; --                 ; --           ; --         ;
; OUTPUT_IO_TIMING_FAR_END_VMEAS                    ; Half Signal Swing                                              ; --                 ; --           ; --         ;
; OUTPUT_IO_TIMING_NEAR_END_VMEAS                   ; Half Vccio                                                     ; --                 ; --           ; --         ;
; OUTPUT_IO_TIMING_NEAR_END_VMEAS                   ; Half Vccio                                                     ; --                 ; --           ; --         ;
; PARTITION_COLOR                                   ; 16764057                                                       ; --                 ; --           ; Top        ;
; PARTITION_FITTER_PRESERVATION_LEVEL               ; PLACEMENT_AND_ROUTING                                          ; --                 ; --           ; Top        ;
; PARTITION_NETLIST_TYPE                            ; SOURCE                                                         ; --                 ; --           ; Top        ;
; PHYSICAL_SYNTHESIS_EFFORT                         ; Fast                                                           ; Normal             ; --           ; --         ;
; PHYSICAL_SYNTHESIS_REGISTER_RETIMING              ; On                                                             ; Off                ; --           ; --         ;
; POWER_BOARD_THERMAL_MODEL                         ; None (CONSERVATIVE)                                            ; --                 ; --           ; --         ;
; POWER_PRESET_COOLING_SOLUTION                     ; 23 MM HEAT SINK WITH 200 LFPM AIRFLOW                          ; --                 ; --           ; --         ;
; SAVE_DISK_SPACE                                   ; Off                                                            ; On                 ; --           ; --         ;
; SLD_FILE                                          ; DE1_SoC_QSYS/synthesis/DE1_SoC_QSYS.regmap                     ; --                 ; --           ; --         ;
; SLD_FILE                                          ; DE1_SoC_QSYS/synthesis/DE1_SoC_QSYS.debuginfo                  ; --                 ; --           ; --         ;
; SLD_INFO                                          ; QSYS_NAME DE1_SoC_QSYS HAS_SOPCINFO 1 GENERATION_ID 1489109339 ; --                 ; DE1_SoC_QSYS ; --         ;
; SOPCINFO_FILE                                     ; DE1_SoC_QSYS/synthesis/../../DE1_SoC_QSYS.sopcinfo             ; --                 ; --           ; --         ;
; SYNCHRONIZER_IDENTIFICATION                       ; Auto                                                           ; Off                ; --           ; --         ;
; SYNTHESIS_ONLY_QIP                                ; On                                                             ; --                 ; --           ; --         ;
; SYNTH_PROTECT_SDC_CONSTRAINT                      ; On                                                             ; Off                ; --           ; --         ;
; USE_SIGNALTAP_FILE                                ; stp1.stp                                                       ; --                 ; --           ; --         ;
; VERILOG_INPUT_VERSION                             ; SystemVerilog_2005                                             ; Verilog_2001       ; --           ; --         ;
; VERILOG_MACRO                                     ; SOFTWARE_IS_QUARTUS=<None>                                     ; --                 ; --           ; --         ;
; VERILOG_NON_CONSTANT_LOOP_LIMIT                   ; 5000                                                           ; 250                ; --           ; --         ;
; VERILOG_SHOW_LMF_MAPPING_MESSAGES                 ; Off                                                            ; --                 ; --           ; --         ;
+---------------------------------------------------+----------------------------------------------------------------+--------------------+--------------+------------+


+--------------------------------------------------------------------------------------------------------------------------+
; Flow Elapsed Time                                                                                                        ;
+----------------------+--------------+-------------------------+---------------------+------------------------------------+
; Module Name          ; Elapsed Time ; Average Processors Used ; Peak Virtual Memory ; Total CPU Time (on all processors) ;
+----------------------+--------------+-------------------------+---------------------+------------------------------------+
<<<<<<< HEAD
; Analysis & Synthesis ; 00:01:27     ; 1.3                     ; 5278 MB             ; 00:02:09                           ;
; Total                ; 00:01:27     ; --                      ; --                  ; 00:02:09                           ;
=======
; Analysis & Synthesis ; 00:00:14     ; 1.0                     ; 4922 MB             ; 00:00:31                           ;
; Total                ; 00:00:14     ; --                      ; --                  ; 00:00:31                           ;
>>>>>>> c114ac71928e7ebe25b407413e69f5dce0808a42
+----------------------+--------------+-------------------------+---------------------+------------------------------------+


+-----------------------------------------------------------------------------------+
; Flow OS Summary                                                                   ;
+----------------------+------------------+-----------+------------+----------------+
; Module Name          ; Machine Hostname ; OS Name   ; OS Version ; Processor type ;
+----------------------+------------------+-----------+------------+----------------+
<<<<<<< HEAD
; Analysis & Synthesis ; DESKTOP-M62LUTM  ; Windows 7 ; 6.2        ; x86_64         ;
=======
; Analysis & Synthesis ; DESKTOP-AIQJCJE  ; Windows 7 ; 6.2        ; x86_64         ;
>>>>>>> c114ac71928e7ebe25b407413e69f5dce0808a42
+----------------------+------------------+-----------+------------+----------------+


------------
; Flow Log ;
------------
quartus_map --read_settings_files=on --write_settings_files=off dds_and_nios_lab -c dds_and_nios_lab



