Flow report for dds_and_nios_lab
Sun Mar 22 19:22:39 2020
Quartus II 64-Bit Version 14.1.0 Build 186 12/03/2014 SJ Web Edition


---------------------
; Table of Contents ;
---------------------
  1. Legal Notice
  2. Flow Summary
  3. Flow Settings
  4. Flow Non-Default Global Settings
  5. Flow Elapsed Time
  6. Flow OS Summary
  7. Flow Log
  8. Flow Messages
  9. Flow Suppressed Messages



----------------
; Legal Notice ;
----------------
Copyright (C) 1991-2014 Altera Corporation. All rights reserved.
Your use of Altera Corporation's design tools, logic functions 
and other software and tools, and its AMPP partner logic 
functions, and any output files from any of the foregoing 
(including device programming or simulation files), and any 
associated documentation or information are expressly subject 
to the terms and conditions of the Altera Program License 
Subscription Agreement, the Altera Quartus II License Agreement,
the Altera MegaCore Function License Agreement, or other 
applicable license agreement, including, without limitation, 
that your use is for the sole purpose of programming logic 
devices manufactured by Altera and sold by Altera or its 
authorized distributors.  Please refer to the applicable 
agreement for further details.



+------------------------------------------------------------------------------+
; Flow Summary                                                                 ;
+---------------------------------+--------------------------------------------+
; Flow Status                     ; Successful - Sun Mar 22 19:22:38 2020      ;
; Quartus II 64-Bit Version       ; 14.1.0 Build 186 12/03/2014 SJ Web Edition ;
; Revision Name                   ; dds_and_nios_lab                           ;
; Top-level Entity Name           ; waveform_gen                               ;
; Family                          ; Cyclone V                                  ;
; Device                          ; 5CSEMA5F31C6                               ;
; Timing Models                   ; Final                                      ;
; Logic utilization (in ALMs)     ; N/A                                        ;
; Total registers                 ; 44                                         ;
; Total pins                      ; 83                                         ;
; Total virtual pins              ; 0                                          ;
; Total block memory bits         ; 98,304                                     ;
; Total DSP Blocks                ; 0                                          ;
; Total HSSI RX PCSs              ; 0                                          ;
; Total HSSI PMA RX Deserializers ; 0                                          ;
; Total HSSI TX PCSs              ; 0                                          ;
; Total HSSI PMA TX Serializers   ; 0                                          ;
; Total PLLs                      ; 0                                          ;
; Total DLLs                      ; 0                                          ;
+---------------------------------+--------------------------------------------+


+-----------------------------------------+
; Flow Settings                           ;
+-------------------+---------------------+
; Option            ; Setting             ;
+-------------------+---------------------+
; Start date & time ; 03/22/2020 19:13:59 ;
; Main task         ; Compilation         ;
; Revision Name     ; dds_and_nios_lab    ;
+-------------------+---------------------+


+---------------------------------------------------------------------------------------------------------------------------------------------------------------------+
; Flow Non-Default Global Settings                                                                                                                                    ;
+---------------------------------------------------+----------------------------------------------------------------+--------------------+--------------+------------+
; Assignment Name                                   ; Value                                                          ; Default Value      ; Entity Name  ; Section Id ;
+---------------------------------------------------+----------------------------------------------------------------+--------------------+--------------+------------+
; ALLOW_POWER_UP_DONT_CARE                          ; Off                                                            ; On                 ; --           ; --         ;
; BLOCK_RAM_AND_MLAB_EQUIVALENT_POWER_UP_CONDITIONS ; Care                                                           ; Auto               ; --           ; --         ;
; COMPILER_SIGNATURE_ID                             ; 198660153391158.158492963803028                                ; --                 ; --           ; --         ;
; ENABLE_IP_DEBUG                                   ; On                                                             ; Off                ; --           ; --         ;
; ENABLE_SIGNALTAP                                  ; On                                                             ; --                 ; --           ; --         ;
; EXTRACT_VERILOG_STATE_MACHINES                    ; Off                                                            ; On                 ; --           ; --         ;
; FITTER_EFFORT                                     ; Standard Fit                                                   ; Auto Fit           ; --           ; --         ;
; FIT_ONLY_ONE_ATTEMPT                              ; On                                                             ; Off                ; --           ; --         ;
; MAX_CORE_JUNCTION_TEMP                            ; 85                                                             ; --                 ; --           ; --         ;
; MIN_CORE_JUNCTION_TEMP                            ; 0                                                              ; --                 ; --           ; --         ;
; MISC_FILE                                         ; DE1_SoC_QSYS/synthesis/../DE1_SoC_QSYS.cmp                     ; --                 ; --           ; --         ;
; MISC_FILE                                         ; DE1_SoC_QSYS/synthesis/../../DE1_SoC_QSYS.qsys                 ; --                 ; --           ; --         ;
; NUMBER_OF_INVERTED_REGISTERS_REPORTED             ; 1000                                                           ; 100                ; --           ; --         ;
; OPTIMIZE_POWER_DURING_FITTING                     ; Off                                                            ; Normal compilation ; --           ; --         ;
; OPTIMIZE_POWER_DURING_SYNTHESIS                   ; Off                                                            ; Normal compilation ; --           ; --         ;
; OUTPUT_IO_TIMING_FAR_END_VMEAS                    ; Half Signal Swing                                              ; --                 ; --           ; --         ;
; OUTPUT_IO_TIMING_FAR_END_VMEAS                    ; Half Signal Swing                                              ; --                 ; --           ; --         ;
; OUTPUT_IO_TIMING_NEAR_END_VMEAS                   ; Half Vccio                                                     ; --                 ; --           ; --         ;
; OUTPUT_IO_TIMING_NEAR_END_VMEAS                   ; Half Vccio                                                     ; --                 ; --           ; --         ;
; PARTITION_COLOR                                   ; 16764057                                                       ; --                 ; waveform_gen ; Top        ;
; PARTITION_FITTER_PRESERVATION_LEVEL               ; PLACEMENT_AND_ROUTING                                          ; --                 ; waveform_gen ; Top        ;
; PARTITION_NETLIST_TYPE                            ; SOURCE                                                         ; --                 ; waveform_gen ; Top        ;
; PHYSICAL_SYNTHESIS_EFFORT                         ; Fast                                                           ; Normal             ; --           ; --         ;
; PHYSICAL_SYNTHESIS_REGISTER_RETIMING              ; On                                                             ; Off                ; --           ; --         ;
; POWER_BOARD_THERMAL_MODEL                         ; None (CONSERVATIVE)                                            ; --                 ; --           ; --         ;
; POWER_PRESET_COOLING_SOLUTION                     ; 23 MM HEAT SINK WITH 200 LFPM AIRFLOW                          ; --                 ; --           ; --         ;
; SAVE_DISK_SPACE                                   ; Off                                                            ; On                 ; --           ; --         ;
; SLD_FILE                                          ; DE1_SoC_QSYS/synthesis/DE1_SoC_QSYS.regmap                     ; --                 ; --           ; --         ;
; SLD_FILE                                          ; DE1_SoC_QSYS/synthesis/DE1_SoC_QSYS.debuginfo                  ; --                 ; --           ; --         ;
; SLD_INFO                                          ; QSYS_NAME DE1_SoC_QSYS HAS_SOPCINFO 1 GENERATION_ID 1584676149 ; --                 ; DE1_SoC_QSYS ; --         ;
; SOPCINFO_FILE                                     ; DE1_SoC_QSYS/synthesis/../../DE1_SoC_QSYS.sopcinfo             ; --                 ; --           ; --         ;
; SYNCHRONIZER_IDENTIFICATION                       ; Auto                                                           ; Off                ; --           ; --         ;
; SYNTHESIS_ONLY_QIP                                ; On                                                             ; --                 ; --           ; --         ;
; SYNTH_PROTECT_SDC_CONSTRAINT                      ; On                                                             ; Off                ; --           ; --         ;
; TOP_LEVEL_ENTITY                                  ; waveform_gen                                                   ; dds_and_nios_lab   ; --           ; --         ;
; USE_SIGNALTAP_FILE                                ; stp1.stp                                                       ; --                 ; --           ; --         ;
; VERILOG_INPUT_VERSION                             ; SystemVerilog_2005                                             ; Verilog_2001       ; --           ; --         ;
; VERILOG_MACRO                                     ; SOFTWARE_IS_QUARTUS=<None>                                     ; --                 ; --           ; --         ;
; VERILOG_NON_CONSTANT_LOOP_LIMIT                   ; 5000                                                           ; 250                ; --           ; --         ;
; VERILOG_SHOW_LMF_MAPPING_MESSAGES                 ; Off                                                            ; --                 ; --           ; --         ;
+---------------------------------------------------+----------------------------------------------------------------+--------------------+--------------+------------+


+--------------------------------------------------------------------------------------------------------------------------+
; Flow Elapsed Time                                                                                                        ;
+----------------------+--------------+-------------------------+---------------------+------------------------------------+
; Module Name          ; Elapsed Time ; Average Processors Used ; Peak Virtual Memory ; Total CPU Time (on all processors) ;
+----------------------+--------------+-------------------------+---------------------+------------------------------------+
; Analysis & Synthesis ; 00:00:20     ; 1.0                     ; 4985 MB             ; 00:00:36                           ;
; EDA Netlist Writer   ; 00:00:01     ; 1.0                     ; 4751 MB             ; 00:00:02                           ;
; EDA Netlist Writer   ; 00:00:02     ; 1.0                     ; 4754 MB             ; 00:00:02                           ;
; EDA Netlist Writer   ; 00:00:02     ; 1.0                     ; 4751 MB             ; 00:00:02                           ;
; EDA Netlist Writer   ; 00:00:02     ; 1.0                     ; 4754 MB             ; 00:00:02                           ;
; EDA Netlist Writer   ; 00:00:01     ; 1.0                     ; 4751 MB             ; 00:00:02                           ;
; EDA Netlist Writer   ; 00:00:01     ; 1.0                     ; 4754 MB             ; 00:00:02                           ;
; Total                ; 00:00:29     ; --                      ; --                  ; 00:00:48                           ;
+----------------------+--------------+-------------------------+---------------------+------------------------------------+


+-----------------------------------------------------------------------------------+
; Flow OS Summary                                                                   ;
+----------------------+------------------+-----------+------------+----------------+
; Module Name          ; Machine Hostname ; OS Name   ; OS Version ; Processor type ;
+----------------------+------------------+-----------+------------+----------------+
; Analysis & Synthesis ; DESKTOP-M62LUTM  ; Windows 7 ; 6.2        ; x86_64         ;
; EDA Netlist Writer   ; DESKTOP-M62LUTM  ; Windows 7 ; 6.2        ; x86_64         ;
; EDA Netlist Writer   ; DESKTOP-M62LUTM  ; Windows 7 ; 6.2        ; x86_64         ;
; EDA Netlist Writer   ; DESKTOP-M62LUTM  ; Windows 7 ; 6.2        ; x86_64         ;
; EDA Netlist Writer   ; DESKTOP-M62LUTM  ; Windows 7 ; 6.2        ; x86_64         ;
; EDA Netlist Writer   ; DESKTOP-M62LUTM  ; Windows 7 ; 6.2        ; x86_64         ;
; EDA Netlist Writer   ; DESKTOP-M62LUTM  ; Windows 7 ; 6.2        ; x86_64         ;
+----------------------+------------------+-----------+------------+----------------+


------------
; Flow Log ;
------------
quartus_map --read_settings_files=on --write_settings_files=off dds_and_nios_lab -c dds_and_nios_lab
quartus_eda --gen_testbench --check_outputs=on --tool=modelsim_oem --format=verilog --write_settings_files=off dds_and_nios_lab -c dds_and_nios_lab --vector_source=C:/UBC/w2019-2020t2/CPEN311/digital_systems_design/Lab5/lab5_template_de1soc/dds.vwf --testbench_file=C:/UBC/w2019-2020t2/CPEN311/digital_systems_design/Lab5/lab5_template_de1soc/simulation/qsim/dds.vwf.vt
quartus_eda --write_settings_files=off --functional=on --flatten_buses=off --simulation=on --tool=modelsim_oem --format=verilog --output_directory=C:/UBC/w2019-2020t2/CPEN311/digital_systems_design/Lab5/lab5_template_de1soc/simulation/qsim/ dds_and_nios_lab -c dds_and_nios_lab
quartus_eda --gen_testbench --check_outputs=on --tool=modelsim_oem --format=verilog --write_settings_files=off dds_and_nios_lab -c dds_and_nios_lab --vector_source=C:/UBC/w2019-2020t2/CPEN311/digital_systems_design/Lab5/lab5_template_de1soc/dds.vwf --testbench_file=C:/UBC/w2019-2020t2/CPEN311/digital_systems_design/Lab5/lab5_template_de1soc/simulation/qsim/dds.vwf.vt
quartus_eda --write_settings_files=off --functional=on --flatten_buses=off --simulation=on --tool=modelsim_oem --format=verilog --output_directory=C:/UBC/w2019-2020t2/CPEN311/digital_systems_design/Lab5/lab5_template_de1soc/simulation/qsim/ dds_and_nios_lab -c dds_and_nios_lab
quartus_eda --gen_testbench --check_outputs=on --tool=modelsim_oem --format=verilog --write_settings_files=off dds_and_nios_lab -c dds_and_nios_lab --vector_source=C:/UBC/w2019-2020t2/CPEN311/digital_systems_design/Lab5/lab5_template_de1soc/dds.vwf --testbench_file=C:/UBC/w2019-2020t2/CPEN311/digital_systems_design/Lab5/lab5_template_de1soc/simulation/qsim/dds.vwf.vt
quartus_eda --write_settings_files=off --functional=on --flatten_buses=off --simulation=on --tool=modelsim_oem --format=verilog --output_directory=C:/UBC/w2019-2020t2/CPEN311/digital_systems_design/Lab5/lab5_template_de1soc/simulation/qsim/ dds_and_nios_lab -c dds_and_nios_lab



